

Started GET "/" for 127.0.0.1 at 2014-11-19 19:30:32 -0600
Connecting to database specified by database.yml
Processing by SessionsController#index as HTML
Completed 500 Internal Server Error in 70.1ms

ActiveRecord::StatementInvalid (Could not find table 'users'):
  app/controllers/application_controller.rb:5:in `set_current_user'


  Rendered /Users/Prasanna/.rvm/gems/ruby-2.0.0-p481/gems/actionpack-3.2.16/lib/action_dispatch/middleware/templates/rescues/_trace.erb (1.4ms)
  Rendered /Users/Prasanna/.rvm/gems/ruby-2.0.0-p481/gems/actionpack-3.2.16/lib/action_dispatch/middleware/templates/rescues/_request_and_response.erb (1.0ms)
  Rendered /Users/Prasanna/.rvm/gems/ruby-2.0.0-p481/gems/actionpack-3.2.16/lib/action_dispatch/middleware/templates/rescues/diagnostics.erb within rescues/layout (22.2ms)
Connecting to database specified by database.yml
  [1m[36m (0.1ms)[0m  [1mselect sqlite_version(*)[0m
  [1m[35m (1.2ms)[0m  CREATE TABLE "schema_migrations" ("version" varchar(255) NOT NULL) 
  [1m[36m (1.1ms)[0m  [1mCREATE UNIQUE INDEX "unique_schema_migrations" ON "schema_migrations" ("version")[0m
  [1m[35m (0.1ms)[0m  SELECT "schema_migrations"."version" FROM "schema_migrations" 
Migrating to CreateUsers (20141102225533)
  [1m[36m (0.0ms)[0m  [1mbegin transaction[0m
  [1m[35m (0.4ms)[0m  CREATE TABLE "users" ("id" INTEGER PRIMARY KEY AUTOINCREMENT NOT NULL, "username" varchar(255), "session_token" varchar(255), "created_at" datetime NOT NULL, "updated_at" datetime NOT NULL) 
  [1m[36m (0.1ms)[0m  [1mINSERT INTO "schema_migrations" ("version") VALUES ('20141102225533')[0m
  [1m[35m (1.1ms)[0m  commit transaction
Migrating to CreateSongs (20141107220439)
  [1m[36m (0.0ms)[0m  [1mbegin transaction[0m
  [1m[35m (0.3ms)[0m  CREATE TABLE "songs" ("id" INTEGER PRIMARY KEY AUTOINCREMENT NOT NULL, "title" varchar(255), "url" varchar(255), "artist" varchar(255), "created_at" datetime NOT NULL, "updated_at" datetime NOT NULL) 
  [1m[36m (0.2ms)[0m  [1mINSERT INTO "schema_migrations" ("version") VALUES ('20141107220439')[0m
  [1m[35m (1.1ms)[0m  commit transaction
  [1m[36m (0.1ms)[0m  [1mSELECT "schema_migrations"."version" FROM "schema_migrations" [0m


Started GET "/" for 127.0.0.1 at 2014-11-19 19:30:59 -0600
Connecting to database specified by database.yml
Processing by SessionsController#index as HTML
  [1m[36mUser Load (0.2ms)[0m  [1mSELECT "users".* FROM "users" WHERE "users"."session_token" = '1-106176-47858980-64d04dfc1336ca' LIMIT 1[0m
  Rendered sessions/index.html.haml within layouts/application (2.8ms)
Compiled main.css  (0ms)  (pid 28226)
Compiled audio.js  (1ms)  (pid 28226)
Compiled jquery.js  (1ms)  (pid 28226)
Completed 200 OK in 191.8ms (Views: 120.0ms | ActiveRecord: 1.4ms)


Started GET "/assets/main.css?body=1" for 127.0.0.1 at 2014-11-19 19:31:00 -0600
Served asset /main.css - 304 Not Modified (4ms)


Started GET "/assets/audio.js?body=1" for 127.0.0.1 at 2014-11-19 19:31:00 -0600
Served asset /audio.js - 304 Not Modified (1ms)


Started GET "/assets/jquery.js?body=1" for 127.0.0.1 at 2014-11-19 19:31:00 -0600
Served asset /jquery.js - 304 Not Modified (1ms)


Started GET "/login" for 127.0.0.1 at 2014-11-19 19:31:02 -0600
Processing by SessionsController#create as HTML
  [1m[35mUser Load (0.2ms)[0m  SELECT "users".* FROM "users" WHERE "users"."session_token" = '1-106176-47858980-64d04dfc1336ca' LIMIT 1
Redirected to https://soundcloud.com/connect?response_type=code_and_token&client_id=f5f27bd7924819d49bd18ce5789e288a&redirect_uri=http://localhost:3000/callback&
Completed 302 Found in 1.6ms (ActiveRecord: 0.2ms)


Started GET "/callback?error=redirect_uri_mismatch&error_description=The+redirection+URI+provided+does+not+match+a+pre-registered+value." for 127.0.0.1 at 2014-11-19 19:31:48 -0600
Processing by SessionsController#new as HTML
  Parameters: {"error"=>"redirect_uri_mismatch", "error_description"=>"The redirection URI provided does not match a pre-registered value."}
  [1m[36mUser Load (0.1ms)[0m  [1mSELECT "users".* FROM "users" WHERE "users"."session_token" = '1-106176-47858980-64d04dfc1336ca' LIMIT 1[0m
Redirected to http://localhost:3000/sessions
Completed 302 Found in 5.0ms (ActiveRecord: 0.5ms)


Started GET "/sessions" for 127.0.0.1 at 2014-11-19 19:31:48 -0600
Processing by SessionsController#index as HTML
  [1m[35mUser Load (0.1ms)[0m  SELECT "users".* FROM "users" WHERE "users"."session_token" = '1-106176-47858980-64d04dfc1336ca' LIMIT 1
  Rendered sessions/index.html.haml within layouts/application (0.1ms)
Completed 200 OK in 43.7ms (Views: 42.4ms | ActiveRecord: 0.1ms)


Started GET "/assets/main.css?body=1" for 127.0.0.1 at 2014-11-19 19:31:48 -0600
Served asset /main.css - 304 Not Modified (0ms)


Started GET "/assets/jquery.js?body=1" for 127.0.0.1 at 2014-11-19 19:31:48 -0600
Served asset /jquery.js - 304 Not Modified (0ms)


Started GET "/assets/audio.js?body=1" for 127.0.0.1 at 2014-11-19 19:31:48 -0600
Served asset /audio.js - 304 Not Modified (0ms)


Started GET "/" for 127.0.0.1 at 2014-11-19 19:31:53 -0600
Processing by SessionsController#index as HTML
  [1m[36mUser Load (0.1ms)[0m  [1mSELECT "users".* FROM "users" WHERE "users"."session_token" = '1-106176-47858980-64d04dfc1336ca' LIMIT 1[0m
  Rendered sessions/index.html.haml within layouts/application (0.1ms)
Completed 200 OK in 5.7ms (Views: 4.7ms | ActiveRecord: 0.1ms)


Started GET "/assets/audio.js?body=1" for 127.0.0.1 at 2014-11-19 19:31:53 -0600
Served asset /audio.js - 304 Not Modified (0ms)


Started GET "/assets/jquery.js?body=1" for 127.0.0.1 at 2014-11-19 19:31:53 -0600
Served asset /jquery.js - 304 Not Modified (0ms)


Started GET "/assets/main.css?body=1" for 127.0.0.1 at 2014-11-19 19:31:53 -0600
Served asset /main.css - 304 Not Modified (0ms)


Started GET "/login" for 127.0.0.1 at 2014-11-19 19:31:54 -0600
Processing by SessionsController#create as HTML
  [1m[35mUser Load (0.2ms)[0m  SELECT "users".* FROM "users" WHERE "users"."session_token" = '1-106176-47858980-64d04dfc1336ca' LIMIT 1
Redirected to https://soundcloud.com/connect?response_type=code_and_token&client_id=f5f27bd7924819d49bd18ce5789e288a&redirect_uri=http://localhost:3000/callback&
Completed 302 Found in 1.4ms (ActiveRecord: 0.2ms)


Started GET "/callback?code=d0ec4f89c6b15367a1853947e5c09324" for 127.0.0.1 at 2014-11-19 19:31:56 -0600
Processing by SessionsController#new as HTML
  Parameters: {"code"=>"d0ec4f89c6b15367a1853947e5c09324"}
  [1m[36mUser Load (0.1ms)[0m  [1mSELECT "users".* FROM "users" WHERE "users"."session_token" = '1-106176-47858980-64d04dfc1336ca' LIMIT 1[0m
  [1m[35mUser Load (0.2ms)[0m  SELECT "users".* FROM "users" WHERE "users"."username" = 'pj sheen' LIMIT 1
  [1m[36m (0.1ms)[0m  [1mbegin transaction[0m
  [1m[35mSQL (72.8ms)[0m  INSERT INTO "users" ("created_at", "session_token", "updated_at", "username") VALUES (?, ?, ?, ?)  [["created_at", Thu, 20 Nov 2014 01:31:57 UTC +00:00], ["session_token", "1-106176-47858980-cdc524dda282ed"], ["updated_at", Thu, 20 Nov 2014 01:31:57 UTC +00:00], ["username", "pj sheen"]]
  [1m[36m (1.2ms)[0m  [1mcommit transaction[0m
Redirected to http://localhost:3000/sessions
Completed 302 Found in 1140.9ms (ActiveRecord: 74.4ms)


Started GET "/sessions" for 127.0.0.1 at 2014-11-19 19:31:58 -0600
Processing by SessionsController#index as HTML
  [1m[35mUser Load (0.2ms)[0m  SELECT "users".* FROM "users" WHERE "users"."session_token" = '1-106176-47858980-cdc524dda282ed' LIMIT 1
  Rendered sessions/index.html.haml within layouts/application (0.1ms)
Completed 200 OK in 7.1ms (Views: 5.6ms | ActiveRecord: 0.2ms)


Started GET "/assets/audio.js?body=1" for 127.0.0.1 at 2014-11-19 19:31:58 -0600
Served asset /audio.js - 304 Not Modified (0ms)


Started GET "/assets/jquery.js?body=1" for 127.0.0.1 at 2014-11-19 19:31:58 -0600
Served asset /jquery.js - 304 Not Modified (0ms)


Started GET "/assets/main.css?body=1" for 127.0.0.1 at 2014-11-19 19:31:58 -0600
Served asset /main.css - 304 Not Modified (0ms)


Started DELETE "/logout" for 127.0.0.1 at 2014-11-19 19:32:00 -0600
Processing by SessionsController#destroy as HTML
  Parameters: {"authenticity_token"=>"Eg2EenJpEGcErckGvc1RYrI5kRt+8Z5cm+iUWMpaH8U="}
  [1m[36mUser Load (0.2ms)[0m  [1mSELECT "users".* FROM "users" WHERE "users"."session_token" = '1-106176-47858980-cdc524dda282ed' LIMIT 1[0m
Redirected to http://localhost:3000/sessions
Completed 302 Found in 2.3ms (ActiveRecord: 0.2ms)


Started GET "/sessions" for 127.0.0.1 at 2014-11-19 19:32:00 -0600
Processing by SessionsController#index as HTML
  Rendered sessions/index.html.haml within layouts/application (0.1ms)
Completed 200 OK in 5.0ms (Views: 4.8ms | ActiveRecord: 0.0ms)


Started GET "/assets/audio.js?body=1" for 127.0.0.1 at 2014-11-19 19:32:00 -0600
Served asset /audio.js - 304 Not Modified (0ms)


Started GET "/assets/jquery.js?body=1" for 127.0.0.1 at 2014-11-19 19:32:00 -0600
Served asset /jquery.js - 304 Not Modified (0ms)


Started GET "/assets/main.css?body=1" for 127.0.0.1 at 2014-11-19 19:32:00 -0600
Served asset /main.css - 304 Not Modified (0ms)


Started GET "/" for 127.0.0.1 at 2014-11-19 19:46:21 -0600
Connecting to database specified by database.yml
Processing by SessionsController#index as HTML
  Rendered sessions/index.html.haml within layouts/application (1.6ms)
Completed 200 OK in 72.9ms (Views: 72.5ms | ActiveRecord: 0.0ms)


Started GET "/" for 127.0.0.1 at 2014-11-19 19:46:21 -0600
Processing by SessionsController#index as HTML
  Rendered sessions/index.html.haml within layouts/application (0.1ms)
Completed 200 OK in 4.6ms (Views: 4.4ms | ActiveRecord: 0.0ms)


Started GET "/assets/main.css?body=1" for 127.0.0.1 at 2014-11-19 19:46:21 -0600
Served asset /main.css - 304 Not Modified (3ms)


Started GET "/assets/audio.js?body=1" for 127.0.0.1 at 2014-11-19 19:46:21 -0600
Served asset /audio.js - 304 Not Modified (1ms)


Started GET "/assets/jquery.js?body=1" for 127.0.0.1 at 2014-11-19 19:46:21 -0600
Served asset /jquery.js - 304 Not Modified (1ms)


Started GET "/login" for 127.0.0.1 at 2014-11-19 19:46:22 -0600
Processing by SessionsController#create as HTML
Redirected to https://soundcloud.com/connect?response_type=code_and_token&client_id=f5f27bd7924819d49bd18ce5789e288a&redirect_uri=http://sradio.herokuapp.com/callback&
Completed 302 Found in 0.9ms (ActiveRecord: 0.0ms)


Started GET "/" for 127.0.0.1 at 2014-11-19 19:47:27 -0600
Connecting to database specified by database.yml
Processing by SessionsController#index as HTML
  Rendered sessions/index.html.haml within layouts/application (2.7ms)
Completed 200 OK in 63.4ms (Views: 63.0ms | ActiveRecord: 0.0ms)


Started GET "/assets/main.css?body=1" for 127.0.0.1 at 2014-11-19 19:47:27 -0600
Served asset /main.css - 304 Not Modified (1ms)


Started GET "/assets/audio.js?body=1" for 127.0.0.1 at 2014-11-19 19:47:27 -0600
Served asset /audio.js - 304 Not Modified (1ms)


Started GET "/assets/jquery.js?body=1" for 127.0.0.1 at 2014-11-19 19:47:27 -0600
Served asset /jquery.js - 304 Not Modified (2ms)


Started GET "/login" for 127.0.0.1 at 2014-11-19 19:47:54 -0600
Processing by SessionsController#create as HTML
Redirected to https://soundcloud.com/connect?response_type=code_and_token&client_id=f5f27bd7924819d49bd18ce5789e288a&redirect_uri=http://localhost:3000/callback&
Completed 302 Found in 0.6ms (ActiveRecord: 0.0ms)


Started GET "/callback?code=d20a96f6c148cf73781ba45c070ad9eb" for 127.0.0.1 at 2014-11-19 19:47:57 -0600
Processing by SessionsController#new as HTML
  Parameters: {"code"=>"d20a96f6c148cf73781ba45c070ad9eb"}
  [1m[36mUser Load (0.2ms)[0m  [1mSELECT "users".* FROM "users" WHERE "users"."username" = 'pj sheen' LIMIT 1[0m
  [1m[35m (0.1ms)[0m  begin transaction
  [1m[36m (0.4ms)[0m  [1mUPDATE "users" SET "session_token" = '1-106176-47858980-e22fb690e7bdbd', "updated_at" = '2014-11-20 01:47:57.869901' WHERE "users"."id" = 1[0m
  [1m[35m (1.2ms)[0m  commit transaction
Redirected to http://localhost:3000/sessions
Completed 302 Found in 880.6ms (ActiveRecord: 27.2ms)


Started GET "/sessions" for 127.0.0.1 at 2014-11-19 19:47:57 -0600
Processing by SessionsController#index as HTML
  [1m[36mUser Load (0.2ms)[0m  [1mSELECT "users".* FROM "users" WHERE "users"."session_token" = '1-106176-47858980-e22fb690e7bdbd' LIMIT 1[0m
  Rendered sessions/index.html.haml within layouts/application (0.1ms)
Completed 200 OK in 6.5ms (Views: 5.1ms | ActiveRecord: 0.2ms)


Started GET "/assets/main.css?body=1" for 127.0.0.1 at 2014-11-19 19:47:57 -0600
Served asset /main.css - 304 Not Modified (0ms)


Started GET "/assets/audio.js?body=1" for 127.0.0.1 at 2014-11-19 19:47:57 -0600
Served asset /audio.js - 304 Not Modified (0ms)


Started GET "/assets/jquery.js?body=1" for 127.0.0.1 at 2014-11-19 19:47:57 -0600
Served asset /jquery.js - 304 Not Modified (0ms)


Started DELETE "/logout" for 127.0.0.1 at 2014-11-19 19:48:00 -0600
Processing by SessionsController#destroy as HTML
  Parameters: {"authenticity_token"=>"Eg2EenJpEGcErckGvc1RYrI5kRt+8Z5cm+iUWMpaH8U="}
  [1m[35mUser Load (0.3ms)[0m  SELECT "users".* FROM "users" WHERE "users"."session_token" = '1-106176-47858980-e22fb690e7bdbd' LIMIT 1
Redirected to http://localhost:3000/sessions
Completed 302 Found in 3.0ms (ActiveRecord: 0.3ms)


Started GET "/sessions" for 127.0.0.1 at 2014-11-19 19:48:00 -0600
Processing by SessionsController#index as HTML
  Rendered sessions/index.html.haml within layouts/application (0.1ms)
Completed 200 OK in 5.3ms (Views: 5.1ms | ActiveRecord: 0.0ms)


Started GET "/assets/main.css?body=1" for 127.0.0.1 at 2014-11-19 19:48:00 -0600
Served asset /main.css - 304 Not Modified (0ms)


Started GET "/assets/audio.js?body=1" for 127.0.0.1 at 2014-11-19 19:48:00 -0600
Served asset /audio.js - 304 Not Modified (0ms)


Started GET "/assets/jquery.js?body=1" for 127.0.0.1 at 2014-11-19 19:48:00 -0600
Served asset /jquery.js - 304 Not Modified (0ms)
